<?xml version="1.0" encoding="UTF-8"?>
<testng-results ignored="0" total="2" passed="2" failed="0" skipped="0">
  <reporter-output>
  </reporter-output>
  <suite started-at="2021-06-24T23:19:36 EDT" name="Default suite" finished-at="2021-06-24T23:19:43 EDT" duration-ms="6851">
    <groups>
    </groups>
    <test started-at="2021-06-24T23:19:36 EDT" name="Default test" finished-at="2021-06-24T23:19:43 EDT" duration-ms="6851">
      <class name="final_package.Inder">
        <test-method is-config="true" signature="setUpClass()[pri:0, instance:final_package.Inder@6a370f4]" started-at="2021-06-24T23:19:36 EDT" name="setUpClass" finished-at="2021-06-24T23:19:36 EDT" duration-ms="5" status="PASS">
          <reporter-output>
          </reporter-output>
        </test-method> <!-- setUpClass -->
        <test-method signature="buttons()[pri:0, instance:final_package.Inder@6a370f4]" started-at="2021-06-24T23:19:36 EDT" name="buttons" finished-at="2021-06-24T23:19:40 EDT" duration-ms="3908" status="PASS">
          <reporter-output>
          </reporter-output>
        </test-method> <!-- buttons -->
        <test-method signature="imagess()[pri:0, instance:final_package.Inder@6a370f4]" started-at="2021-06-24T23:19:40 EDT" name="imagess" finished-at="2021-06-24T23:19:43 EDT" duration-ms="2903" status="PASS">
          <reporter-output>
          </reporter-output>
        </test-method> <!-- imagess -->
      </class> <!-- final_package.Inder -->
    </test> <!-- Default test -->
  </suite> <!-- Default suite -->
</testng-results>
